<?xml version="1.0" encoding="UTF-8"?>
<!-- Generated by org.testng.reporters.JUnitReportReporter -->
<testsuite skipped="0" hostname="Rajesh" name="com.restapi.testCases.TC001_API_Test" tests="7" failures="0" timestamp="08 Apr 2022 16:35:59 GMT" time="0.792" errors="0">
  <testcase name="checkStatusCode" time="0.003" classname="com.restapi.testCases.TC001_API_Test"/>
  <testcase name="checkstatusLine" time="0.000" classname="com.restapi.testCases.TC001_API_Test"/>
  <testcase name="checkContentType" time="0.000" classname="com.restapi.testCases.TC001_API_Test"/>
  <testcase name="checkResposeBody" time="0.140" classname="com.restapi.testCases.TC001_API_Test"/>
  <testcase name="checkName" time="0.521" classname="com.restapi.testCases.TC001_API_Test"/>
  <testcase name="checkCanRelist" time="0.036" classname="com.restapi.testCases.TC001_API_Test"/>
  <testcase name="checkNameDescrp" time="0.092" classname="com.restapi.testCases.TC001_API_Test"/>
</testsuite> <!-- com.restapi.testCases.TC001_API_Test -->
