<?xml version="1.0" encoding="UTF-8"?>
<!-- Generated by org.testng.reporters.JUnitReportReporter -->
<testsuite skipped="0" hostname="Rajesh" name="com.restapi.testCases.TC001_API_Test" tests="7" failures="0" timestamp="10 Apr 2022 12:04:49 GMT" time="0.916" errors="0">
  <testcase name="checkStatusCode" time="0.008" classname="com.restapi.testCases.TC001_API_Test"/>
  <testcase name="checkstatusLine" time="0.002" classname="com.restapi.testCases.TC001_API_Test"/>
  <testcase name="checkContentType" time="0.002" classname="com.restapi.testCases.TC001_API_Test"/>
  <testcase name="checkResposeBody" time="0.116" classname="com.restapi.testCases.TC001_API_Test"/>
  <testcase name="checkName" time="0.656" classname="com.restapi.testCases.TC001_API_Test"/>
  <testcase name="checkCanRelist" time="0.043" classname="com.restapi.testCases.TC001_API_Test"/>
  <testcase name="checkNameDescrp" time="0.089" classname="com.restapi.testCases.TC001_API_Test"/>
</testsuite> <!-- com.restapi.testCases.TC001_API_Test -->
